INFO:root:Previous captures cleaned
INFO:root:Loading net...
INFO:root:Net loaded successfully
INFO:root:Camera accesed successfully
INFO:root:Output folder set

INFO:root:Connecting with drone...
INFO:autopilot:ArduCopter V4.6.0-dev (05a22aaf)
INFO:autopilot:ArduCopter V4.6.0-dev (05a22aaf)
INFO:autopilot:a3d9197b765643568af09eb2bd3e5ce7
INFO:autopilot:a3d9197b765643568af09eb2bd3e5ce7
INFO:autopilot:Frame: HEXA/PLUS
INFO:autopilot:Frame: HEXA/PLUS
INFO:autopilot:ArduCopter V4.6.0-dev (05a22aaf)
INFO:autopilot:ArduCopter V4.6.0-dev (05a22aaf)
INFO:autopilot:a3d9197b765643568af09eb2bd3e5ce7
INFO:autopilot:a3d9197b765643568af09eb2bd3e5ce7
INFO:autopilot:Frame: HEXA/PLUS
INFO:autopilot:Frame: HEXA/PLUS
INFO:root:Drone found!

INFO:root:Recognition program started
INFO:root:CURRENT MODE: STABILIZE
INFO:autopilot:Arming motors
INFO:autopilot:Arming motors
INFO:autopilot:EKF3 IMU0 MAG0 in-flight yaw alignment complete
INFO:autopilot:EKF3 IMU0 MAG0 in-flight yaw alignment complete
INFO:autopilot:EKF3 IMU1 MAG0 in-flight yaw alignment complete
INFO:autopilot:EKF3 IMU1 MAG0 in-flight yaw alignment complete
INFO:autopilot:Mission: 1 WP
INFO:autopilot:Mission: 1 WP
INFO:root:CURRENT MODE: AUTO
INFO:root:PERSON DETECTED
INFO:root:Ubication: Latitude=-35.3636148, Longitude=149.1655967

INFO:root:The program will now take photos of the environment.
    Switch to AUTO mode to continue with the mission, or RTL to finish it.
INFO:root:CURRENT MODE: CIRCLE
INFO:root:Took photo of the environment
INFO:root:Ubication: Latitude=-35.3636261, Longitude=149.1656086

INFO:root:Took photo of the environment
INFO:root:Ubication: Latitude=-35.3636349, Longitude=149.1656186

INFO:root:Took photo of the environment
INFO:root:Ubication: Latitude=-35.3636356, Longitude=149.1656199

INFO:root:Took photo of the environment
INFO:root:Ubication: Latitude=-35.3636368, Longitude=149.1656191

INFO:root:Took photo of the environment
INFO:root:Ubication: Latitude=-35.3636366, Longitude=149.1656177

INFO:root:Took photo of the environment
INFO:root:Ubication: Latitude=-35.3636354, Longitude=149.1656174

INFO:autopilot:Mission: 1 WP
INFO:autopilot:Mission: 1 WP
INFO:root:CURRENT MODE: AUTO
INFO:root:CURRENT MODE: RTL
